[debug] [2021-12-09T18:21:07.782Z] ----------------------------------------------------------------------
[debug] [2021-12-09T18:21:07.785Z] Command:       C:\Program Files\nodejs\node.exe C:\Users\Anisul Ashik\AppData\Roaming\npm\node_modules\firebase-tools\lib\bin\firebase.js init
[debug] [2021-12-09T18:21:07.786Z] CLI Version:   9.23.1
[debug] [2021-12-09T18:21:07.786Z] Platform:      win32
[debug] [2021-12-09T18:21:07.786Z] Node Version:  v14.15.3
[debug] [2021-12-09T18:21:07.787Z] Time:          Fri Dec 10 2021 00:21:07 GMT+0600 (Bangladesh Standard Time)
[debug] [2021-12-09T18:21:07.787Z] ----------------------------------------------------------------------
[debug] 
[debug] [2021-12-09T18:21:07.795Z] > command requires scopes: ["email","openid","https://www.googleapis.com/auth/cloudplatformprojects.readonly","https://www.googleapis.com/auth/firebase","https://www.googleapis.com/auth/cloud-platform"]
[debug] [2021-12-09T18:21:07.796Z] > authorizing via signed-in user (anisulislamashik007@gmail.com)
[info] 
     ######## #### ########  ######## ########     ###     ######  ########
     ##        ##  ##     ## ##       ##     ##  ##   ##  ##       ##
     ######    ##  ########  ######   ########  #########  ######  ######
     ##        ##  ##    ##  ##       ##     ## ##     ##       ## ##
     ##       #### ##     ## ######## ########  ##     ##  ######  ########

You're about to initialize a Firebase project in this directory:

  G:\STUDY\Web Development\amazone_clone

[info] 
=== Project Setup
[info] 
[info] First, let's associate this project directory with a Firebase project.
[info] You can create multiple project aliases by running firebase use --add, 
[info] but for now we'll just set up a default project.
[info] 
[debug] [2021-12-09T18:22:08.175Z] >>> [apiv2][query] GET https://firebase.googleapis.com/v1beta1/projects pageSize=100
[debug] [2021-12-09T18:22:09.207Z] <<< [apiv2][status] GET https://firebase.googleapis.com/v1beta1/projects 200
[debug] [2021-12-09T18:22:09.208Z] <<< [apiv2][body] GET https://firebase.googleapis.com/v1beta1/projects [omitted]
[info] i  Using project e-challenge-83ed8 (amazone-challenge) 
[info] 
=== Hosting:github Setup
[info] 
[info] i  Detected a .git folder at G:\STUDY\Web Development\amazone_clone 
[info] i  Authorizing with GitHub to upload your service account to a GitHub repository's secrets store. 
[info] 
[info] Visit this URL on this device to log in:
[info] https://github.com/login/oauth/authorize?client_id=89cf50f02ac6aaed3484&state=96989768&redirect_uri=http%3A%2F%2Flocalhost%3A9005&scope=read%3Auser%20repo%20public_repo
[info] 
[info] Waiting for authentication...
[debug] [2021-12-09T18:22:32.174Z] >>> HTTP REQUEST POST https://github.com/login/oauth/access_token  
 {"client_id":"89cf50f02ac6aaed3484","client_secret":"3330d14abc895d9a74d5f17cd7a00711fa2c5bf0","code":"3b209c7d2910446298b2","redirect_uri":"http://localhost:9005","state":"96989768"}
[debug] [2021-12-09T18:22:32.844Z] <<< HTTP RESPONSE 200 {"server":"GitHub.com","date":"Thu, 09 Dec 2021 18:22:33 GMT","content-type":"application/json; charset=utf-8","transfer-encoding":"chunked","vary":"X-PJAX, X-PJAX-Container, Accept-Encoding, Accept, X-Requested-With","permissions-policy":"interest-cohort=()","etag":"W/\"af2bb546b5d20210b9450832b99bd749\"","cache-control":"max-age=0, private, must-revalidate","strict-transport-security":"max-age=31536000; includeSubdomains; preload","x-frame-options":"deny","x-content-type-options":"nosniff","x-xss-protection":"0","referrer-policy":"origin-when-cross-origin, strict-origin-when-cross-origin","expect-ct":"max-age=2592000, report-uri=\"https://api.github.com/_private/browser/errors\"","content-security-policy":"default-src 'none'; base-uri 'self'; block-all-mixed-content; child-src github.com/assets-cdn/worker/ gist.github.com/assets-cdn/worker/; connect-src 'self' uploads.github.com objects-origin.githubusercontent.com www.githubstatus.com collector.githubapp.com api.github.com github-cloud.s3.amazonaws.com github-production-repository-file-5c1aeb.s3.amazonaws.com github-production-upload-manifest-file-7fdce7.s3.amazonaws.com github-production-user-asset-6210df.s3.amazonaws.com cdn.optimizely.com logx.optimizely.com/v1/events translator.github.com wss://alive.github.com; font-src github.githubassets.com; form-action 'self' github.com gist.github.com objects-origin.githubusercontent.com; frame-ancestors 'none'; frame-src render.githubusercontent.com viewscreen.githubusercontent.com notebooks.githubusercontent.com; img-src 'self' data: github.githubassets.com identicons.github.com collector.githubapp.com github-cloud.s3.amazonaws.com secured-user-images.githubusercontent.com/ *.githubusercontent.com; manifest-src 'self'; media-src github.com user-images.githubusercontent.com/; script-src github.githubassets.com; style-src 'unsafe-inline' github.githubassets.com; worker-src github.com/assets-cdn/worker/ gist.github.com/assets-cdn/worker/","x-github-request-id":"D1E0:211E:3AB711:431717:61B24969"}
[debug] [2021-12-09T18:22:32.848Z] >>> [apiv2][query] GET https://api.github.com/user [none]
[debug] [2021-12-09T18:22:33.455Z] <<< [apiv2][status] GET https://api.github.com/user 200
[debug] [2021-12-09T18:22:33.456Z] <<< [apiv2][body] GET https://api.github.com/user {"login":"ashik1234567","id":52048860,"node_id":"MDQ6VXNlcjUyMDQ4ODYw","avatar_url":"https://avatars.githubusercontent.com/u/52048860?v=4","gravatar_id":"","url":"https://api.github.com/users/ashik1234567","html_url":"https://github.com/ashik1234567","followers_url":"https://api.github.com/users/ashik1234567/followers","following_url":"https://api.github.com/users/ashik1234567/following{/other_user}","gists_url":"https://api.github.com/users/ashik1234567/gists{/gist_id}","starred_url":"https://api.github.com/users/ashik1234567/starred{/owner}{/repo}","subscriptions_url":"https://api.github.com/users/ashik1234567/subscriptions","organizations_url":"https://api.github.com/users/ashik1234567/orgs","repos_url":"https://api.github.com/users/ashik1234567/repos","events_url":"https://api.github.com/users/ashik1234567/events{/privacy}","received_events_url":"https://api.github.com/users/ashik1234567/received_events","type":"User","site_admin":false,"name":null,"company":null,"blog":"","location":null,"email":null,"hireable":null,"bio":null,"twitter_username":null,"public_repos":13,"public_gists":0,"followers":0,"following":0,"created_at":"2019-06-20T18:16:05Z","updated_at":"2021-11-27T06:28:42Z","private_gists":0,"total_private_repos":0,"owned_private_repos":0,"disk_usage":18031,"collaborators":0,"two_factor_authentication":false,"plan":{"name":"free","space":976562499,"collaborators":0,"private_repos":10000}}
[info] 
[info] +  Success! Logged into GitHub as ashik1234567 
[info] 
[debug] [2021-12-09T18:23:05.118Z] >>> [apiv2][query] GET https://api.github.com/repos/repository/actions/secrets/public-key type=owner
[debug] [2021-12-09T18:23:05.556Z] <<< [apiv2][status] GET https://api.github.com/repos/repository/actions/secrets/public-key 404
[debug] [2021-12-09T18:23:05.556Z] <<< [apiv2][body] GET https://api.github.com/repos/repository/actions/secrets/public-key {"message":"Not Found","documentation_url":"https://docs.github.com/rest"}
[debug] [2021-12-09T18:23:11.692Z] >>> [apiv2][query] GET https://api.github.com/repos//actions/secrets/public-key type=owner
[debug] [2021-12-09T18:23:12.490Z] <<< [apiv2][status] GET https://api.github.com/repos//actions/secrets/public-key 404
[debug] [2021-12-09T18:23:12.490Z] <<< [apiv2][body] GET https://api.github.com/repos//actions/secrets/public-key {"message":"Not Found","documentation_url":"https://docs.github.com/rest"}
[debug] [2021-12-09T18:23:49.436Z] >>> [apiv2][query] GET https://api.github.com/repos/repository/actions/secrets/public-key type=owner
[debug] [2021-12-09T18:23:49.957Z] <<< [apiv2][status] GET https://api.github.com/repos/repository/actions/secrets/public-key 404
[debug] [2021-12-09T18:23:49.957Z] <<< [apiv2][body] GET https://api.github.com/repos/repository/actions/secrets/public-key {"message":"Not Found","documentation_url":"https://docs.github.com/rest"}
[debug] [2021-12-09T18:23:55.716Z] >>> [apiv2][query] GET https://api.github.com/repos//actions/secrets/public-key type=owner
[debug] [2021-12-09T18:23:56.610Z] <<< [apiv2][status] GET https://api.github.com/repos//actions/secrets/public-key 404
[debug] [2021-12-09T18:23:56.610Z] <<< [apiv2][body] GET https://api.github.com/repos//actions/secrets/public-key {"message":"Not Found","documentation_url":"https://docs.github.com/rest"}
[debug] [2021-12-09T18:24:18.718Z] ----------------------------------------------------------------------
[debug] [2021-12-09T18:24:18.720Z] Command:       C:\Program Files\nodejs\node.exe C:\Users\Anisul Ashik\AppData\Roaming\npm\node_modules\firebase-tools\lib\bin\firebase.js init
[debug] [2021-12-09T18:24:18.721Z] CLI Version:   9.23.1
[debug] [2021-12-09T18:24:18.721Z] Platform:      win32
[debug] [2021-12-09T18:24:18.721Z] Node Version:  v14.15.3
[debug] [2021-12-09T18:24:18.722Z] Time:          Fri Dec 10 2021 00:24:18 GMT+0600 (Bangladesh Standard Time)
[debug] [2021-12-09T18:24:18.723Z] ----------------------------------------------------------------------
[debug] 
[debug] [2021-12-09T18:24:18.731Z] > command requires scopes: ["email","openid","https://www.googleapis.com/auth/cloudplatformprojects.readonly","https://www.googleapis.com/auth/firebase","https://www.googleapis.com/auth/cloud-platform"]
[debug] [2021-12-09T18:24:18.732Z] > authorizing via signed-in user (anisulislamashik007@gmail.com)
[info] 
     ######## #### ########  ######## ########     ###     ######  ########
     ##        ##  ##     ## ##       ##     ##  ##   ##  ##       ##
     ######    ##  ########  ######   ########  #########  ######  ######
     ##        ##  ##    ##  ##       ##     ## ##     ##       ## ##
     ##       #### ##     ## ######## ########  ##     ##  ######  ########

You're about to initialize a Firebase project in this directory:

  G:\STUDY\Web Development\amazone_clone

[info] 
=== Project Setup
[info] 
[info] First, let's associate this project directory with a Firebase project.
[info] You can create multiple project aliases by running firebase use --add, 
[info] but for now we'll just set up a default project.
[info] 
